[2022-02-10 17:31:59] local.INFO: Notification Response {"multicast_id":3982548681372178696,"success":0,"failure":3,"canonical_ids":0,"results":[{"error":"NotRegistered"},{"error":"NotRegistered"},{"error":"NotRegistered"}]}  
[2022-02-11 18:01:39] local.INFO: Notification Response {"multicast_id":499423806749172784,"success":0,"failure":3,"canonical_ids":0,"results":[{"error":"NotRegistered"},{"error":"NotRegistered"},{"error":"NotRegistered"}]}  
[2022-02-11 18:01:39] local.ERROR: Class 'App\Http\Controllers\DB' not found {"userId":1,"exception":"[object] (Error(code: 0): Class 'App\\Http\\Controllers\\DB' not found at /home/lmd3tsijnint/public_html/app/Http/Controllers/CryptoController.php:52)
[stacktrace]
#0 /home/lmd3tsijnint/public_html/vendor/laravel/framework/src/Illuminate/Routing/Controller.php(54): App\\Http\\Controllers\\CryptoController->store(Object(Illuminate\\Http\\Request))
#1 /home/lmd3tsijnint/public_html/vendor/laravel/framework/src/Illuminate/Routing/ControllerDispatcher.php(45): Illuminate\\Routing\\Controller->callAction('store', Array)
#2 /home/lmd3tsijnint/public_html/vendor/laravel/framework/src/Illuminate/Routing/Route.php(254): Illuminate\\Routing\\ControllerDispatcher->dispatch(Object(Illuminate\\Routing\\Route), Object(App\\Http\\Controllers\\CryptoController), 'store')
#3 /home/lmd3tsijnint/public_html/vendor/laravel/framework/src/Illuminate/Routing/Route.php(197): Illuminate\\Routing\\Route->runController()
#4 /home/lmd3tsijnint/public_html/vendor/laravel/framework/src/Illuminate/Routing/Router.php(695): Illuminate\\Routing\\Route->run()
#5 /home/lmd3tsijnint/public_html/vendor/laravel/framework/src/Illuminate/Pipeline/Pipeline.php(128): Illuminate\\Routing\\Router->Illuminate\\Routing\\{closure}(Object(Illuminate\\Http\\Request))
#6 /home/lmd3tsijnint/public_html/vendor/laravel/framework/src/Illuminate/Routing/Middleware/SubstituteBindings.php(50): Illuminate\\Pipeline\\Pipeline->Illuminate\\Pipeline\\{closure}(Object(Illuminate\\Http\\Request))
#7 /home/lmd3tsijnint/public_html/vendor/laravel/framework/src/Illuminate/Pipeline/Pipeline.php(167): Illuminate\\Routing\\Middleware\\SubstituteBindings->handle(Object(Illuminate\\Http\\Request), Object(Closure))
#8 /home/lmd3tsijnint/public_html/vendor/laravel/framework/src/Illuminate/Auth/Middleware/Authenticate.php(44): Illuminate\\Pipeline\\Pipeline->Illuminate\\Pipeline\\{closure}(Object(Illuminate\\Http\\Request))
#9 /home/lmd3tsijnint/public_html/vendor/laravel/framework/src/Illuminate/Pipeline/Pipeline.php(167): Illuminate\\Auth\\Middleware\\Authenticate->handle(Object(Illuminate\\Http\\Request), Object(Closure), 'admin')
#10 /home/lmd3tsijnint/public_html/vendor/laravel/framework/src/Illuminate/Foundation/Http/Middleware/VerifyCsrfToken.php(78): Illuminate\\Pipeline\\Pipeline->Illuminate\\Pipeline\\{closure}(Object(Illuminate\\Http\\Request))
#11 /home/lmd3tsijnint/public_html/vendor/laravel/framework/src/Illuminate/Pipeline/Pipeline.php(167): Illuminate\\Foundation\\Http\\Middleware\\VerifyCsrfToken->handle(Object(Illuminate\\Http\\Request), Object(Closure))
#12 /home/lmd3tsijnint/public_html/vendor/laravel/framework/src/Illuminate/View/Middleware/ShareErrorsFromSession.php(49): Illuminate\\Pipeline\\Pipeline->Illuminate\\Pipeline\\{closure}(Object(Illuminate\\Http\\Request))
#13 /home/lmd3tsijnint/public_html/vendor/laravel/framework/src/Illuminate/Pipeline/Pipeline.php(167): Illuminate\\View\\Middleware\\ShareErrorsFromSession->handle(Object(Illuminate\\Http\\Request), Object(Closure))
#14 /home/lmd3tsijnint/public_html/vendor/laravel/framework/src/Illuminate/Session/Middleware/StartSession.php(121): Illuminate\\Pipeline\\Pipeline->Illuminate\\Pipeline\\{closure}(Object(Illuminate\\Http\\Request))
#15 /home/lmd3tsijnint/public_html/vendor/laravel/framework/src/Illuminate/Session/Middleware/StartSession.php(64): Illuminate\\Session\\Middleware\\StartSession->handleStatefulRequest(Object(Illuminate\\Http\\Request), Object(Illuminate\\Session\\Store), Object(Closure))
#16 /home/lmd3tsijnint/public_html/vendor/laravel/framework/src/Illuminate/Pipeline/Pipeline.php(167): Illuminate\\Session\\Middleware\\StartSession->handle(Object(Illuminate\\Http\\Request), Object(Closure))
#17 /home/lmd3tsijnint/public_html/vendor/laravel/framework/src/Illuminate/Cookie/Middleware/AddQueuedCookiesToResponse.php(37): Illuminate\\Pipeline\\Pipeline->Illuminate\\Pipeline\\{closure}(Object(Illuminate\\Http\\Request))
#18 /home/lmd3tsijnint/public_html/vendor/laravel/framework/src/Illuminate/Pipeline/Pipeline.php(167): Illuminate\\Cookie\\Middleware\\AddQueuedCookiesToResponse->handle(Object(Illuminate\\Http\\Request), Object(Closure))
#19 /home/lmd3tsijnint/public_html/vendor/laravel/framework/src/Illuminate/Cookie/Middleware/EncryptCookies.php(67): Illuminate\\Pipeline\\Pipeline->Illuminate\\Pipeline\\{closure}(Object(Illuminate\\Http\\Request))
#20 /home/lmd3tsijnint/public_html/vendor/laravel/framework/src/Illuminate/Pipeline/Pipeline.php(167): Illuminate\\Cookie\\Middleware\\EncryptCookies->handle(Object(Illuminate\\Http\\Request), Object(Closure))
#21 /home/lmd3tsijnint/public_html/vendor/laravel/framework/src/Illuminate/Pipeline/Pipeline.php(103): Illuminate\\Pipeline\\Pipeline->Illuminate\\Pipeline\\{closure}(Object(Illuminate\\Http\\Request))
#22 /home/lmd3tsijnint/public_html/vendor/laravel/framework/src/Illuminate/Routing/Router.php(697): Illuminate\\Pipeline\\Pipeline->then(Object(Closure))
#23 /home/lmd3tsijnint/public_html/vendor/laravel/framework/src/Illuminate/Routing/Router.php(672): Illuminate\\Routing\\Router->runRouteWithinStack(Object(Illuminate\\Routing\\Route), Object(Illuminate\\Http\\Request))
#24 /home/lmd3tsijnint/public_html/vendor/laravel/framework/src/Illuminate/Routing/Router.php(636): Illuminate\\Routing\\Router->runRoute(Object(Illuminate\\Http\\Request), Object(Illuminate\\Routing\\Route))
#25 /home/lmd3tsijnint/public_html/vendor/laravel/framework/src/Illuminate/Routing/Router.php(625): Illuminate\\Routing\\Router->dispatchToRoute(Object(Illuminate\\Http\\Request))
#26 /home/lmd3tsijnint/public_html/vendor/laravel/framework/src/Illuminate/Foundation/Http/Kernel.php(166): Illuminate\\Routing\\Router->dispatch(Object(Illuminate\\Http\\Request))
#27 /home/lmd3tsijnint/public_html/vendor/laravel/framework/src/Illuminate/Pipeline/Pipeline.php(128): Illuminate\\Foundation\\Http\\Kernel->Illuminate\\Foundation\\Http\\{closure}(Object(Illuminate\\Http\\Request))
#28 /home/lmd3tsijnint/public_html/vendor/laravel/framework/src/Illuminate/Foundation/Http/Middleware/TransformsRequest.php(21): Illuminate\\Pipeline\\Pipeline->Illuminate\\Pipeline\\{closure}(Object(Illuminate\\Http\\Request))
#29 /home/lmd3tsijnint/public_html/vendor/laravel/framework/src/Illuminate/Foundation/Http/Middleware/ConvertEmptyStringsToNull.php(31): Illuminate\\Foundation\\Http\\Middleware\\TransformsRequest->handle(Object(Illuminate\\Http\\Request), Object(Closure))
#30 /home/lmd3tsijnint/public_html/vendor/laravel/framework/src/Illuminate/Pipeline/Pipeline.php(167): Illuminate\\Foundation\\Http\\Middleware\\ConvertEmptyStringsToNull->handle(Object(Illuminate\\Http\\Request), Object(Closure))
#31 /home/lmd3tsijnint/public_html/vendor/laravel/framework/src/Illuminate/Foundation/Http/Middleware/TransformsRequest.php(21): Illuminate\\Pipeline\\Pipeline->Illuminate\\Pipeline\\{closure}(Object(Illuminate\\Http\\Request))
#32 /home/lmd3tsijnint/public_html/vendor/laravel/framework/src/Illuminate/Foundation/Http/Middleware/TrimStrings.php(40): Illuminate\\Foundation\\Http\\Middleware\\TransformsRequest->handle(Object(Illuminate\\Http\\Request), Object(Closure))
#33 /home/lmd3tsijnint/public_html/vendor/laravel/framework/src/Illuminate/Pipeline/Pipeline.php(167): Illuminate\\Foundation\\Http\\Middleware\\TrimStrings->handle(Object(Illuminate\\Http\\Request), Object(Closure))
#34 /home/lmd3tsijnint/public_html/vendor/laravel/framework/src/Illuminate/Foundation/Http/Middleware/ValidatePostSize.php(27): Illuminate\\Pipeline\\Pipeline->Illuminate\\Pipeline\\{closure}(Object(Illuminate\\Http\\Request))
#35 /home/lmd3tsijnint/public_html/vendor/laravel/framework/src/Illuminate/Pipeline/Pipeline.php(167): Illuminate\\Foundation\\Http\\Middleware\\ValidatePostSize->handle(Object(Illuminate\\Http\\Request), Object(Closure))
#36 /home/lmd3tsijnint/public_html/vendor/laravel/framework/src/Illuminate/Foundation/Http/Middleware/PreventRequestsDuringMaintenance.php(86): Illuminate\\Pipeline\\Pipeline->Illuminate\\Pipeline\\{closure}(Object(Illuminate\\Http\\Request))
#37 /home/lmd3tsijnint/public_html/vendor/laravel/framework/src/Illuminate/Pipeline/Pipeline.php(167): Illuminate\\Foundation\\Http\\Middleware\\PreventRequestsDuringMaintenance->handle(Object(Illuminate\\Http\\Request), Object(Closure))
#38 /home/lmd3tsijnint/public_html/vendor/fruitcake/laravel-cors/src/HandleCors.php(38): Illuminate\\Pipeline\\Pipeline->Illuminate\\Pipeline\\{closure}(Object(Illuminate\\Http\\Request))
#39 /home/lmd3tsijnint/public_html/vendor/laravel/framework/src/Illuminate/Pipeline/Pipeline.php(167): Fruitcake\\Cors\\HandleCors->handle(Object(Illuminate\\Http\\Request), Object(Closure))
#40 /home/lmd3tsijnint/public_html/vendor/fideloper/proxy/src/TrustProxies.php(57): Illuminate\\Pipeline\\Pipeline->Illuminate\\Pipeline\\{closure}(Object(Illuminate\\Http\\Request))
#41 /home/lmd3tsijnint/public_html/vendor/laravel/framework/src/Illuminate/Pipeline/Pipeline.php(167): Fideloper\\Proxy\\TrustProxies->handle(Object(Illuminate\\Http\\Request), Object(Closure))
#42 /home/lmd3tsijnint/public_html/vendor/laravel/framework/src/Illuminate/Pipeline/Pipeline.php(103): Illuminate\\Pipeline\\Pipeline->Illuminate\\Pipeline\\{closure}(Object(Illuminate\\Http\\Request))
#43 /home/lmd3tsijnint/public_html/vendor/laravel/framework/src/Illuminate/Foundation/Http/Kernel.php(141): Illuminate\\Pipeline\\Pipeline->then(Object(Closure))
#44 /home/lmd3tsijnint/public_html/vendor/laravel/framework/src/Illuminate/Foundation/Http/Kernel.php(110): Illuminate\\Foundation\\Http\\Kernel->sendRequestThroughRouter(Object(Illuminate\\Http\\Request))
#45 /home/lmd3tsijnint/public_html/public/index.php(52): Illuminate\\Foundation\\Http\\Kernel->handle(Object(Illuminate\\Http\\Request))
#46 /home/lmd3tsijnint/public_html/server.php(21): require_once('/home/lmd3tsijn...')
#47 {main}
"} 
[2022-02-11 18:02:25] local.INFO: Notification Response {"multicast_id":3914165553891176804,"success":0,"failure":3,"canonical_ids":0,"results":[{"error":"NotRegistered"},{"error":"NotRegistered"},{"error":"NotRegistered"}]}  
[2022-02-11 18:04:22] local.INFO: Notification Response {"multicast_id":4623324571098598472,"success":0,"failure":3,"canonical_ids":0,"results":[{"error":"NotRegistered"},{"error":"NotRegistered"},{"error":"NotRegistered"}]}  
[2022-02-11 18:04:22] local.ERROR: Undefined variable: include_player_ids {"userId":1,"exception":"[object] (ErrorException(code: 0): Undefined variable: include_player_ids at /home/lmd3tsijnint/public_html/app/Http/Controllers/CryptoController.php:60)
[stacktrace]
#0 /home/lmd3tsijnint/public_html/app/Http/Controllers/CryptoController.php(60): Illuminate\\Foundation\\Bootstrap\\HandleExceptions->handleError(8, 'Undefined varia...', '/home/lmd3tsijn...', 60, Array)
#1 /home/lmd3tsijnint/public_html/vendor/laravel/framework/src/Illuminate/Routing/Controller.php(54): App\\Http\\Controllers\\CryptoController->store(Object(Illuminate\\Http\\Request))
#2 /home/lmd3tsijnint/public_html/vendor/laravel/framework/src/Illuminate/Routing/ControllerDispatcher.php(45): Illuminate\\Routing\\Controller->callAction('store', Array)
#3 /home/lmd3tsijnint/public_html/vendor/laravel/framework/src/Illuminate/Routing/Route.php(254): Illuminate\\Routing\\ControllerDispatcher->dispatch(Object(Illuminate\\Routing\\Route), Object(App\\Http\\Controllers\\CryptoController), 'store')
#4 /home/lmd3tsijnint/public_html/vendor/laravel/framework/src/Illuminate/Routing/Route.php(197): Illuminate\\Routing\\Route->runController()
#5 /home/lmd3tsijnint/public_html/vendor/laravel/framework/src/Illuminate/Routing/Router.php(695): Illuminate\\Routing\\Route->run()
#6 /home/lmd3tsijnint/public_html/vendor/laravel/framework/src/Illuminate/Pipeline/Pipeline.php(128): Illuminate\\Routing\\Router->Illuminate\\Routing\\{closure}(Object(Illuminate\\Http\\Request))
#7 /home/lmd3tsijnint/public_html/vendor/laravel/framework/src/Illuminate/Routing/Middleware/SubstituteBindings.php(50): Illuminate\\Pipeline\\Pipeline->Illuminate\\Pipeline\\{closure}(Object(Illuminate\\Http\\Request))
#8 /home/lmd3tsijnint/public_html/vendor/laravel/framework/src/Illuminate/Pipeline/Pipeline.php(167): Illuminate\\Routing\\Middleware\\SubstituteBindings->handle(Object(Illuminate\\Http\\Request), Object(Closure))
#9 /home/lmd3tsijnint/public_html/vendor/laravel/framework/src/Illuminate/Auth/Middleware/Authenticate.php(44): Illuminate\\Pipeline\\Pipeline->Illuminate\\Pipeline\\{closure}(Object(Illuminate\\Http\\Request))
#10 /home/lmd3tsijnint/public_html/vendor/laravel/framework/src/Illuminate/Pipeline/Pipeline.php(167): Illuminate\\Auth\\Middleware\\Authenticate->handle(Object(Illuminate\\Http\\Request), Object(Closure), 'admin')
#11 /home/lmd3tsijnint/public_html/vendor/laravel/framework/src/Illuminate/Foundation/Http/Middleware/VerifyCsrfToken.php(78): Illuminate\\Pipeline\\Pipeline->Illuminate\\Pipeline\\{closure}(Object(Illuminate\\Http\\Request))
#12 /home/lmd3tsijnint/public_html/vendor/laravel/framework/src/Illuminate/Pipeline/Pipeline.php(167): Illuminate\\Foundation\\Http\\Middleware\\VerifyCsrfToken->handle(Object(Illuminate\\Http\\Request), Object(Closure))
#13 /home/lmd3tsijnint/public_html/vendor/laravel/framework/src/Illuminate/View/Middleware/ShareErrorsFromSession.php(49): Illuminate\\Pipeline\\Pipeline->Illuminate\\Pipeline\\{closure}(Object(Illuminate\\Http\\Request))
#14 /home/lmd3tsijnint/public_html/vendor/laravel/framework/src/Illuminate/Pipeline/Pipeline.php(167): Illuminate\\View\\Middleware\\ShareErrorsFromSession->handle(Object(Illuminate\\Http\\Request), Object(Closure))
#15 /home/lmd3tsijnint/public_html/vendor/laravel/framework/src/Illuminate/Session/Middleware/StartSession.php(121): Illuminate\\Pipeline\\Pipeline->Illuminate\\Pipeline\\{closure}(Object(Illuminate\\Http\\Request))
#16 /home/lmd3tsijnint/public_html/vendor/laravel/framework/src/Illuminate/Session/Middleware/StartSession.php(64): Illuminate\\Session\\Middleware\\StartSession->handleStatefulRequest(Object(Illuminate\\Http\\Request), Object(Illuminate\\Session\\Store), Object(Closure))
#17 /home/lmd3tsijnint/public_html/vendor/laravel/framework/src/Illuminate/Pipeline/Pipeline.php(167): Illuminate\\Session\\Middleware\\StartSession->handle(Object(Illuminate\\Http\\Request), Object(Closure))
#18 /home/lmd3tsijnint/public_html/vendor/laravel/framework/src/Illuminate/Cookie/Middleware/AddQueuedCookiesToResponse.php(37): Illuminate\\Pipeline\\Pipeline->Illuminate\\Pipeline\\{closure}(Object(Illuminate\\Http\\Request))
#19 /home/lmd3tsijnint/public_html/vendor/laravel/framework/src/Illuminate/Pipeline/Pipeline.php(167): Illuminate\\Cookie\\Middleware\\AddQueuedCookiesToResponse->handle(Object(Illuminate\\Http\\Request), Object(Closure))
#20 /home/lmd3tsijnint/public_html/vendor/laravel/framework/src/Illuminate/Cookie/Middleware/EncryptCookies.php(67): Illuminate\\Pipeline\\Pipeline->Illuminate\\Pipeline\\{closure}(Object(Illuminate\\Http\\Request))
#21 /home/lmd3tsijnint/public_html/vendor/laravel/framework/src/Illuminate/Pipeline/Pipeline.php(167): Illuminate\\Cookie\\Middleware\\EncryptCookies->handle(Object(Illuminate\\Http\\Request), Object(Closure))
#22 /home/lmd3tsijnint/public_html/vendor/laravel/framework/src/Illuminate/Pipeline/Pipeline.php(103): Illuminate\\Pipeline\\Pipeline->Illuminate\\Pipeline\\{closure}(Object(Illuminate\\Http\\Request))
#23 /home/lmd3tsijnint/public_html/vendor/laravel/framework/src/Illuminate/Routing/Router.php(697): Illuminate\\Pipeline\\Pipeline->then(Object(Closure))
#24 /home/lmd3tsijnint/public_html/vendor/laravel/framework/src/Illuminate/Routing/Router.php(672): Illuminate\\Routing\\Router->runRouteWithinStack(Object(Illuminate\\Routing\\Route), Object(Illuminate\\Http\\Request))
#25 /home/lmd3tsijnint/public_html/vendor/laravel/framework/src/Illuminate/Routing/Router.php(636): Illuminate\\Routing\\Router->runRoute(Object(Illuminate\\Http\\Request), Object(Illuminate\\Routing\\Route))
#26 /home/lmd3tsijnint/public_html/vendor/laravel/framework/src/Illuminate/Routing/Router.php(625): Illuminate\\Routing\\Router->dispatchToRoute(Object(Illuminate\\Http\\Request))
#27 /home/lmd3tsijnint/public_html/vendor/laravel/framework/src/Illuminate/Foundation/Http/Kernel.php(166): Illuminate\\Routing\\Router->dispatch(Object(Illuminate\\Http\\Request))
#28 /home/lmd3tsijnint/public_html/vendor/laravel/framework/src/Illuminate/Pipeline/Pipeline.php(128): Illuminate\\Foundation\\Http\\Kernel->Illuminate\\Foundation\\Http\\{closure}(Object(Illuminate\\Http\\Request))
#29 /home/lmd3tsijnint/public_html/vendor/laravel/framework/src/Illuminate/Foundation/Http/Middleware/TransformsRequest.php(21): Illuminate\\Pipeline\\Pipeline->Illuminate\\Pipeline\\{closure}(Object(Illuminate\\Http\\Request))
#30 /home/lmd3tsijnint/public_html/vendor/laravel/framework/src/Illuminate/Foundation/Http/Middleware/ConvertEmptyStringsToNull.php(31): Illuminate\\Foundation\\Http\\Middleware\\TransformsRequest->handle(Object(Illuminate\\Http\\Request), Object(Closure))
#31 /home/lmd3tsijnint/public_html/vendor/laravel/framework/src/Illuminate/Pipeline/Pipeline.php(167): Illuminate\\Foundation\\Http\\Middleware\\ConvertEmptyStringsToNull->handle(Object(Illuminate\\Http\\Request), Object(Closure))
#32 /home/lmd3tsijnint/public_html/vendor/laravel/framework/src/Illuminate/Foundation/Http/Middleware/TransformsRequest.php(21): Illuminate\\Pipeline\\Pipeline->Illuminate\\Pipeline\\{closure}(Object(Illuminate\\Http\\Request))
#33 /home/lmd3tsijnint/public_html/vendor/laravel/framework/src/Illuminate/Foundation/Http/Middleware/TrimStrings.php(40): Illuminate\\Foundation\\Http\\Middleware\\TransformsRequest->handle(Object(Illuminate\\Http\\Request), Object(Closure))
#34 /home/lmd3tsijnint/public_html/vendor/laravel/framework/src/Illuminate/Pipeline/Pipeline.php(167): Illuminate\\Foundation\\Http\\Middleware\\TrimStrings->handle(Object(Illuminate\\Http\\Request), Object(Closure))
#35 /home/lmd3tsijnint/public_html/vendor/laravel/framework/src/Illuminate/Foundation/Http/Middleware/ValidatePostSize.php(27): Illuminate\\Pipeline\\Pipeline->Illuminate\\Pipeline\\{closure}(Object(Illuminate\\Http\\Request))
#36 /home/lmd3tsijnint/public_html/vendor/laravel/framework/src/Illuminate/Pipeline/Pipeline.php(167): Illuminate\\Foundation\\Http\\Middleware\\ValidatePostSize->handle(Object(Illuminate\\Http\\Request), Object(Closure))
#37 /home/lmd3tsijnint/public_html/vendor/laravel/framework/src/Illuminate/Foundation/Http/Middleware/PreventRequestsDuringMaintenance.php(86): Illuminate\\Pipeline\\Pipeline->Illuminate\\Pipeline\\{closure}(Object(Illuminate\\Http\\Request))
#38 /home/lmd3tsijnint/public_html/vendor/laravel/framework/src/Illuminate/Pipeline/Pipeline.php(167): Illuminate\\Foundation\\Http\\Middleware\\PreventRequestsDuringMaintenance->handle(Object(Illuminate\\Http\\Request), Object(Closure))
#39 /home/lmd3tsijnint/public_html/vendor/fruitcake/laravel-cors/src/HandleCors.php(38): Illuminate\\Pipeline\\Pipeline->Illuminate\\Pipeline\\{closure}(Object(Illuminate\\Http\\Request))
#40 /home/lmd3tsijnint/public_html/vendor/laravel/framework/src/Illuminate/Pipeline/Pipeline.php(167): Fruitcake\\Cors\\HandleCors->handle(Object(Illuminate\\Http\\Request), Object(Closure))
#41 /home/lmd3tsijnint/public_html/vendor/fideloper/proxy/src/TrustProxies.php(57): Illuminate\\Pipeline\\Pipeline->Illuminate\\Pipeline\\{closure}(Object(Illuminate\\Http\\Request))
#42 /home/lmd3tsijnint/public_html/vendor/laravel/framework/src/Illuminate/Pipeline/Pipeline.php(167): Fideloper\\Proxy\\TrustProxies->handle(Object(Illuminate\\Http\\Request), Object(Closure))
#43 /home/lmd3tsijnint/public_html/vendor/laravel/framework/src/Illuminate/Pipeline/Pipeline.php(103): Illuminate\\Pipeline\\Pipeline->Illuminate\\Pipeline\\{closure}(Object(Illuminate\\Http\\Request))
#44 /home/lmd3tsijnint/public_html/vendor/laravel/framework/src/Illuminate/Foundation/Http/Kernel.php(141): Illuminate\\Pipeline\\Pipeline->then(Object(Closure))
#45 /home/lmd3tsijnint/public_html/vendor/laravel/framework/src/Illuminate/Foundation/Http/Kernel.php(110): Illuminate\\Foundation\\Http\\Kernel->sendRequestThroughRouter(Object(Illuminate\\Http\\Request))
#46 /home/lmd3tsijnint/public_html/public/index.php(52): Illuminate\\Foundation\\Http\\Kernel->handle(Object(Illuminate\\Http\\Request))
#47 /home/lmd3tsijnint/public_html/server.php(21): require_once('/home/lmd3tsijn...')
#48 {main}
"} 
[2022-02-11 18:05:51] local.INFO: Notification Response {"multicast_id":7318119385202216997,"success":0,"failure":3,"canonical_ids":0,"results":[{"error":"NotRegistered"},{"error":"NotRegistered"},{"error":"NotRegistered"}]}  
[2022-02-11 18:06:48] local.INFO: Notification Response {"multicast_id":6308880312304436703,"success":0,"failure":3,"canonical_ids":0,"results":[{"error":"NotRegistered"},{"error":"NotRegistered"},{"error":"NotRegistered"}]}  
[2022-02-11 18:34:26] local.INFO: Notification Response {"multicast_id":4348875098276398042,"success":0,"failure":3,"canonical_ids":0,"results":[{"error":"NotRegistered"},{"error":"NotRegistered"},{"error":"NotRegistered"}]}  
[2022-02-11 18:35:37] local.INFO: Notification Response {"multicast_id":8610820412246543176,"success":0,"failure":3,"canonical_ids":0,"results":[{"error":"NotRegistered"},{"error":"NotRegistered"},{"error":"NotRegistered"}]}  
[2022-02-11 18:39:16] local.INFO: Notification Response {"multicast_id":7741880563987799320,"success":0,"failure":3,"canonical_ids":0,"results":[{"error":"NotRegistered"},{"error":"NotRegistered"},{"error":"NotRegistered"}]}  
[2022-02-11 18:42:05] local.INFO: Notification Response {"multicast_id":9134857049499228061,"success":0,"failure":3,"canonical_ids":0,"results":[{"error":"NotRegistered"},{"error":"NotRegistered"},{"error":"NotRegistered"}]}  
[2022-02-11 18:43:03] local.INFO: Notification Response {"multicast_id":3132408886888842399,"success":0,"failure":3,"canonical_ids":0,"results":[{"error":"NotRegistered"},{"error":"NotRegistered"},{"error":"NotRegistered"}]}  
[2022-02-11 18:48:53] local.INFO: Notification Response {"multicast_id":1799775587775008358,"success":0,"failure":3,"canonical_ids":0,"results":[{"error":"NotRegistered"},{"error":"NotRegistered"},{"error":"NotRegistered"}]}  
[2022-02-11 18:52:38] local.INFO: Notification Response {"multicast_id":7590213131314349201,"success":0,"failure":3,"canonical_ids":0,"results":[{"error":"NotRegistered"},{"error":"NotRegistered"},{"error":"NotRegistered"}]}  
[2022-02-11 18:52:38] local.ERROR: Undefined variable: crypto {"userId":1,"exception":"[object] (ErrorException(code: 0): Undefined variable: crypto at /home/lmd3tsijnint/public_html/app/Http/Controllers/ForexController.php:49)
[stacktrace]
#0 /home/lmd3tsijnint/public_html/app/Http/Controllers/ForexController.php(49): Illuminate\\Foundation\\Bootstrap\\HandleExceptions->handleError(8, 'Undefined varia...', '/home/lmd3tsijn...', 49, Array)
#1 /home/lmd3tsijnint/public_html/vendor/laravel/framework/src/Illuminate/Routing/Controller.php(54): App\\Http\\Controllers\\ForexController->store(Object(Illuminate\\Http\\Request))
#2 /home/lmd3tsijnint/public_html/vendor/laravel/framework/src/Illuminate/Routing/ControllerDispatcher.php(45): Illuminate\\Routing\\Controller->callAction('store', Array)
#3 /home/lmd3tsijnint/public_html/vendor/laravel/framework/src/Illuminate/Routing/Route.php(254): Illuminate\\Routing\\ControllerDispatcher->dispatch(Object(Illuminate\\Routing\\Route), Object(App\\Http\\Controllers\\ForexController), 'store')
#4 /home/lmd3tsijnint/public_html/vendor/laravel/framework/src/Illuminate/Routing/Route.php(197): Illuminate\\Routing\\Route->runController()
#5 /home/lmd3tsijnint/public_html/vendor/laravel/framework/src/Illuminate/Routing/Router.php(695): Illuminate\\Routing\\Route->run()
#6 /home/lmd3tsijnint/public_html/vendor/laravel/framework/src/Illuminate/Pipeline/Pipeline.php(128): Illuminate\\Routing\\Router->Illuminate\\Routing\\{closure}(Object(Illuminate\\Http\\Request))
#7 /home/lmd3tsijnint/public_html/vendor/laravel/framework/src/Illuminate/Routing/Middleware/SubstituteBindings.php(50): Illuminate\\Pipeline\\Pipeline->Illuminate\\Pipeline\\{closure}(Object(Illuminate\\Http\\Request))
#8 /home/lmd3tsijnint/public_html/vendor/laravel/framework/src/Illuminate/Pipeline/Pipeline.php(167): Illuminate\\Routing\\Middleware\\SubstituteBindings->handle(Object(Illuminate\\Http\\Request), Object(Closure))
#9 /home/lmd3tsijnint/public_html/vendor/laravel/framework/src/Illuminate/Auth/Middleware/Authenticate.php(44): Illuminate\\Pipeline\\Pipeline->Illuminate\\Pipeline\\{closure}(Object(Illuminate\\Http\\Request))
#10 /home/lmd3tsijnint/public_html/vendor/laravel/framework/src/Illuminate/Pipeline/Pipeline.php(167): Illuminate\\Auth\\Middleware\\Authenticate->handle(Object(Illuminate\\Http\\Request), Object(Closure), 'admin')
#11 /home/lmd3tsijnint/public_html/vendor/laravel/framework/src/Illuminate/Foundation/Http/Middleware/VerifyCsrfToken.php(78): Illuminate\\Pipeline\\Pipeline->Illuminate\\Pipeline\\{closure}(Object(Illuminate\\Http\\Request))
#12 /home/lmd3tsijnint/public_html/vendor/laravel/framework/src/Illuminate/Pipeline/Pipeline.php(167): Illuminate\\Foundation\\Http\\Middleware\\VerifyCsrfToken->handle(Object(Illuminate\\Http\\Request), Object(Closure))
#13 /home/lmd3tsijnint/public_html/vendor/laravel/framework/src/Illuminate/View/Middleware/ShareErrorsFromSession.php(49): Illuminate\\Pipeline\\Pipeline->Illuminate\\Pipeline\\{closure}(Object(Illuminate\\Http\\Request))
#14 /home/lmd3tsijnint/public_html/vendor/laravel/framework/src/Illuminate/Pipeline/Pipeline.php(167): Illuminate\\View\\Middleware\\ShareErrorsFromSession->handle(Object(Illuminate\\Http\\Request), Object(Closure))
#15 /home/lmd3tsijnint/public_html/vendor/laravel/framework/src/Illuminate/Session/Middleware/StartSession.php(121): Illuminate\\Pipeline\\Pipeline->Illuminate\\Pipeline\\{closure}(Object(Illuminate\\Http\\Request))
#16 /home/lmd3tsijnint/public_html/vendor/laravel/framework/src/Illuminate/Session/Middleware/StartSession.php(64): Illuminate\\Session\\Middleware\\StartSession->handleStatefulRequest(Object(Illuminate\\Http\\Request), Object(Illuminate\\Session\\Store), Object(Closure))
#17 /home/lmd3tsijnint/public_html/vendor/laravel/framework/src/Illuminate/Pipeline/Pipeline.php(167): Illuminate\\Session\\Middleware\\StartSession->handle(Object(Illuminate\\Http\\Request), Object(Closure))
#18 /home/lmd3tsijnint/public_html/vendor/laravel/framework/src/Illuminate/Cookie/Middleware/AddQueuedCookiesToResponse.php(37): Illuminate\\Pipeline\\Pipeline->Illuminate\\Pipeline\\{closure}(Object(Illuminate\\Http\\Request))
#19 /home/lmd3tsijnint/public_html/vendor/laravel/framework/src/Illuminate/Pipeline/Pipeline.php(167): Illuminate\\Cookie\\Middleware\\AddQueuedCookiesToResponse->handle(Object(Illuminate\\Http\\Request), Object(Closure))
#20 /home/lmd3tsijnint/public_html/vendor/laravel/framework/src/Illuminate/Cookie/Middleware/EncryptCookies.php(67): Illuminate\\Pipeline\\Pipeline->Illuminate\\Pipeline\\{closure}(Object(Illuminate\\Http\\Request))
#21 /home/lmd3tsijnint/public_html/vendor/laravel/framework/src/Illuminate/Pipeline/Pipeline.php(167): Illuminate\\Cookie\\Middleware\\EncryptCookies->handle(Object(Illuminate\\Http\\Request), Object(Closure))
#22 /home/lmd3tsijnint/public_html/vendor/laravel/framework/src/Illuminate/Pipeline/Pipeline.php(103): Illuminate\\Pipeline\\Pipeline->Illuminate\\Pipeline\\{closure}(Object(Illuminate\\Http\\Request))
#23 /home/lmd3tsijnint/public_html/vendor/laravel/framework/src/Illuminate/Routing/Router.php(697): Illuminate\\Pipeline\\Pipeline->then(Object(Closure))
#24 /home/lmd3tsijnint/public_html/vendor/laravel/framework/src/Illuminate/Routing/Router.php(672): Illuminate\\Routing\\Router->runRouteWithinStack(Object(Illuminate\\Routing\\Route), Object(Illuminate\\Http\\Request))
#25 /home/lmd3tsijnint/public_html/vendor/laravel/framework/src/Illuminate/Routing/Router.php(636): Illuminate\\Routing\\Router->runRoute(Object(Illuminate\\Http\\Request), Object(Illuminate\\Routing\\Route))
#26 /home/lmd3tsijnint/public_html/vendor/laravel/framework/src/Illuminate/Routing/Router.php(625): Illuminate\\Routing\\Router->dispatchToRoute(Object(Illuminate\\Http\\Request))
#27 /home/lmd3tsijnint/public_html/vendor/laravel/framework/src/Illuminate/Foundation/Http/Kernel.php(166): Illuminate\\Routing\\Router->dispatch(Object(Illuminate\\Http\\Request))
#28 /home/lmd3tsijnint/public_html/vendor/laravel/framework/src/Illuminate/Pipeline/Pipeline.php(128): Illuminate\\Foundation\\Http\\Kernel->Illuminate\\Foundation\\Http\\{closure}(Object(Illuminate\\Http\\Request))
#29 /home/lmd3tsijnint/public_html/vendor/laravel/framework/src/Illuminate/Foundation/Http/Middleware/TransformsRequest.php(21): Illuminate\\Pipeline\\Pipeline->Illuminate\\Pipeline\\{closure}(Object(Illuminate\\Http\\Request))
#30 /home/lmd3tsijnint/public_html/vendor/laravel/framework/src/Illuminate/Foundation/Http/Middleware/ConvertEmptyStringsToNull.php(31): Illuminate\\Foundation\\Http\\Middleware\\TransformsRequest->handle(Object(Illuminate\\Http\\Request), Object(Closure))
#31 /home/lmd3tsijnint/public_html/vendor/laravel/framework/src/Illuminate/Pipeline/Pipeline.php(167): Illuminate\\Foundation\\Http\\Middleware\\ConvertEmptyStringsToNull->handle(Object(Illuminate\\Http\\Request), Object(Closure))
#32 /home/lmd3tsijnint/public_html/vendor/laravel/framework/src/Illuminate/Foundation/Http/Middleware/TransformsRequest.php(21): Illuminate\\Pipeline\\Pipeline->Illuminate\\Pipeline\\{closure}(Object(Illuminate\\Http\\Request))
#33 /home/lmd3tsijnint/public_html/vendor/laravel/framework/src/Illuminate/Foundation/Http/Middleware/TrimStrings.php(40): Illuminate\\Foundation\\Http\\Middleware\\TransformsRequest->handle(Object(Illuminate\\Http\\Request), Object(Closure))
#34 /home/lmd3tsijnint/public_html/vendor/laravel/framework/src/Illuminate/Pipeline/Pipeline.php(167): Illuminate\\Foundation\\Http\\Middleware\\TrimStrings->handle(Object(Illuminate\\Http\\Request), Object(Closure))
#35 /home/lmd3tsijnint/public_html/vendor/laravel/framework/src/Illuminate/Foundation/Http/Middleware/ValidatePostSize.php(27): Illuminate\\Pipeline\\Pipeline->Illuminate\\Pipeline\\{closure}(Object(Illuminate\\Http\\Request))
#36 /home/lmd3tsijnint/public_html/vendor/laravel/framework/src/Illuminate/Pipeline/Pipeline.php(167): Illuminate\\Foundation\\Http\\Middleware\\ValidatePostSize->handle(Object(Illuminate\\Http\\Request), Object(Closure))
#37 /home/lmd3tsijnint/public_html/vendor/laravel/framework/src/Illuminate/Foundation/Http/Middleware/PreventRequestsDuringMaintenance.php(86): Illuminate\\Pipeline\\Pipeline->Illuminate\\Pipeline\\{closure}(Object(Illuminate\\Http\\Request))
#38 /home/lmd3tsijnint/public_html/vendor/laravel/framework/src/Illuminate/Pipeline/Pipeline.php(167): Illuminate\\Foundation\\Http\\Middleware\\PreventRequestsDuringMaintenance->handle(Object(Illuminate\\Http\\Request), Object(Closure))
#39 /home/lmd3tsijnint/public_html/vendor/fruitcake/laravel-cors/src/HandleCors.php(38): Illuminate\\Pipeline\\Pipeline->Illuminate\\Pipeline\\{closure}(Object(Illuminate\\Http\\Request))
#40 /home/lmd3tsijnint/public_html/vendor/laravel/framework/src/Illuminate/Pipeline/Pipeline.php(167): Fruitcake\\Cors\\HandleCors->handle(Object(Illuminate\\Http\\Request), Object(Closure))
#41 /home/lmd3tsijnint/public_html/vendor/fideloper/proxy/src/TrustProxies.php(57): Illuminate\\Pipeline\\Pipeline->Illuminate\\Pipeline\\{closure}(Object(Illuminate\\Http\\Request))
#42 /home/lmd3tsijnint/public_html/vendor/laravel/framework/src/Illuminate/Pipeline/Pipeline.php(167): Fideloper\\Proxy\\TrustProxies->handle(Object(Illuminate\\Http\\Request), Object(Closure))
#43 /home/lmd3tsijnint/public_html/vendor/laravel/framework/src/Illuminate/Pipeline/Pipeline.php(103): Illuminate\\Pipeline\\Pipeline->Illuminate\\Pipeline\\{closure}(Object(Illuminate\\Http\\Request))
#44 /home/lmd3tsijnint/public_html/vendor/laravel/framework/src/Illuminate/Foundation/Http/Kernel.php(141): Illuminate\\Pipeline\\Pipeline->then(Object(Closure))
#45 /home/lmd3tsijnint/public_html/vendor/laravel/framework/src/Illuminate/Foundation/Http/Kernel.php(110): Illuminate\\Foundation\\Http\\Kernel->sendRequestThroughRouter(Object(Illuminate\\Http\\Request))
#46 /home/lmd3tsijnint/public_html/public/index.php(52): Illuminate\\Foundation\\Http\\Kernel->handle(Object(Illuminate\\Http\\Request))
#47 /home/lmd3tsijnint/public_html/server.php(21): require_once('/home/lmd3tsijn...')
#48 {main}
"} 
[2022-02-11 18:55:01] local.INFO: Notification Response {"multicast_id":1861550582300189775,"success":0,"failure":3,"canonical_ids":0,"results":[{"error":"NotRegistered"},{"error":"NotRegistered"},{"error":"NotRegistered"}]}  
[2022-02-11 18:55:01] local.ERROR: Class 'App\Http\Controllers\DB' not found {"userId":1,"exception":"[object] (Error(code: 0): Class 'App\\Http\\Controllers\\DB' not found at /home/lmd3tsijnint/public_html/app/Http/Controllers/ForexController.php:58)
[stacktrace]
#0 /home/lmd3tsijnint/public_html/vendor/laravel/framework/src/Illuminate/Routing/Controller.php(54): App\\Http\\Controllers\\ForexController->store(Object(Illuminate\\Http\\Request))
#1 /home/lmd3tsijnint/public_html/vendor/laravel/framework/src/Illuminate/Routing/ControllerDispatcher.php(45): Illuminate\\Routing\\Controller->callAction('store', Array)
#2 /home/lmd3tsijnint/public_html/vendor/laravel/framework/src/Illuminate/Routing/Route.php(254): Illuminate\\Routing\\ControllerDispatcher->dispatch(Object(Illuminate\\Routing\\Route), Object(App\\Http\\Controllers\\ForexController), 'store')
#3 /home/lmd3tsijnint/public_html/vendor/laravel/framework/src/Illuminate/Routing/Route.php(197): Illuminate\\Routing\\Route->runController()
#4 /home/lmd3tsijnint/public_html/vendor/laravel/framework/src/Illuminate/Routing/Router.php(695): Illuminate\\Routing\\Route->run()
#5 /home/lmd3tsijnint/public_html/vendor/laravel/framework/src/Illuminate/Pipeline/Pipeline.php(128): Illuminate\\Routing\\Router->Illuminate\\Routing\\{closure}(Object(Illuminate\\Http\\Request))
#6 /home/lmd3tsijnint/public_html/vendor/laravel/framework/src/Illuminate/Routing/Middleware/SubstituteBindings.php(50): Illuminate\\Pipeline\\Pipeline->Illuminate\\Pipeline\\{closure}(Object(Illuminate\\Http\\Request))
#7 /home/lmd3tsijnint/public_html/vendor/laravel/framework/src/Illuminate/Pipeline/Pipeline.php(167): Illuminate\\Routing\\Middleware\\SubstituteBindings->handle(Object(Illuminate\\Http\\Request), Object(Closure))
#8 /home/lmd3tsijnint/public_html/vendor/laravel/framework/src/Illuminate/Auth/Middleware/Authenticate.php(44): Illuminate\\Pipeline\\Pipeline->Illuminate\\Pipeline\\{closure}(Object(Illuminate\\Http\\Request))
#9 /home/lmd3tsijnint/public_html/vendor/laravel/framework/src/Illuminate/Pipeline/Pipeline.php(167): Illuminate\\Auth\\Middleware\\Authenticate->handle(Object(Illuminate\\Http\\Request), Object(Closure), 'admin')
#10 /home/lmd3tsijnint/public_html/vendor/laravel/framework/src/Illuminate/Foundation/Http/Middleware/VerifyCsrfToken.php(78): Illuminate\\Pipeline\\Pipeline->Illuminate\\Pipeline\\{closure}(Object(Illuminate\\Http\\Request))
#11 /home/lmd3tsijnint/public_html/vendor/laravel/framework/src/Illuminate/Pipeline/Pipeline.php(167): Illuminate\\Foundation\\Http\\Middleware\\VerifyCsrfToken->handle(Object(Illuminate\\Http\\Request), Object(Closure))
#12 /home/lmd3tsijnint/public_html/vendor/laravel/framework/src/Illuminate/View/Middleware/ShareErrorsFromSession.php(49): Illuminate\\Pipeline\\Pipeline->Illuminate\\Pipeline\\{closure}(Object(Illuminate\\Http\\Request))
#13 /home/lmd3tsijnint/public_html/vendor/laravel/framework/src/Illuminate/Pipeline/Pipeline.php(167): Illuminate\\View\\Middleware\\ShareErrorsFromSession->handle(Object(Illuminate\\Http\\Request), Object(Closure))
#14 /home/lmd3tsijnint/public_html/vendor/laravel/framework/src/Illuminate/Session/Middleware/StartSession.php(121): Illuminate\\Pipeline\\Pipeline->Illuminate\\Pipeline\\{closure}(Object(Illuminate\\Http\\Request))
#15 /home/lmd3tsijnint/public_html/vendor/laravel/framework/src/Illuminate/Session/Middleware/StartSession.php(64): Illuminate\\Session\\Middleware\\StartSession->handleStatefulRequest(Object(Illuminate\\Http\\Request), Object(Illuminate\\Session\\Store), Object(Closure))
#16 /home/lmd3tsijnint/public_html/vendor/laravel/framework/src/Illuminate/Pipeline/Pipeline.php(167): Illuminate\\Session\\Middleware\\StartSession->handle(Object(Illuminate\\Http\\Request), Object(Closure))
#17 /home/lmd3tsijnint/public_html/vendor/laravel/framework/src/Illuminate/Cookie/Middleware/AddQueuedCookiesToResponse.php(37): Illuminate\\Pipeline\\Pipeline->Illuminate\\Pipeline\\{closure}(Object(Illuminate\\Http\\Request))
#18 /home/lmd3tsijnint/public_html/vendor/laravel/framework/src/Illuminate/Pipeline/Pipeline.php(167): Illuminate\\Cookie\\Middleware\\AddQueuedCookiesToResponse->handle(Object(Illuminate\\Http\\Request), Object(Closure))
#19 /home/lmd3tsijnint/public_html/vendor/laravel/framework/src/Illuminate/Cookie/Middleware/EncryptCookies.php(67): Illuminate\\Pipeline\\Pipeline->Illuminate\\Pipeline\\{closure}(Object(Illuminate\\Http\\Request))
#20 /home/lmd3tsijnint/public_html/vendor/laravel/framework/src/Illuminate/Pipeline/Pipeline.php(167): Illuminate\\Cookie\\Middleware\\EncryptCookies->handle(Object(Illuminate\\Http\\Request), Object(Closure))
#21 /home/lmd3tsijnint/public_html/vendor/laravel/framework/src/Illuminate/Pipeline/Pipeline.php(103): Illuminate\\Pipeline\\Pipeline->Illuminate\\Pipeline\\{closure}(Object(Illuminate\\Http\\Request))
#22 /home/lmd3tsijnint/public_html/vendor/laravel/framework/src/Illuminate/Routing/Router.php(697): Illuminate\\Pipeline\\Pipeline->then(Object(Closure))
#23 /home/lmd3tsijnint/public_html/vendor/laravel/framework/src/Illuminate/Routing/Router.php(672): Illuminate\\Routing\\Router->runRouteWithinStack(Object(Illuminate\\Routing\\Route), Object(Illuminate\\Http\\Request))
#24 /home/lmd3tsijnint/public_html/vendor/laravel/framework/src/Illuminate/Routing/Router.php(636): Illuminate\\Routing\\Router->runRoute(Object(Illuminate\\Http\\Request), Object(Illuminate\\Routing\\Route))
#25 /home/lmd3tsijnint/public_html/vendor/laravel/framework/src/Illuminate/Routing/Router.php(625): Illuminate\\Routing\\Router->dispatchToRoute(Object(Illuminate\\Http\\Request))
#26 /home/lmd3tsijnint/public_html/vendor/laravel/framework/src/Illuminate/Foundation/Http/Kernel.php(166): Illuminate\\Routing\\Router->dispatch(Object(Illuminate\\Http\\Request))
#27 /home/lmd3tsijnint/public_html/vendor/laravel/framework/src/Illuminate/Pipeline/Pipeline.php(128): Illuminate\\Foundation\\Http\\Kernel->Illuminate\\Foundation\\Http\\{closure}(Object(Illuminate\\Http\\Request))
#28 /home/lmd3tsijnint/public_html/vendor/laravel/framework/src/Illuminate/Foundation/Http/Middleware/TransformsRequest.php(21): Illuminate\\Pipeline\\Pipeline->Illuminate\\Pipeline\\{closure}(Object(Illuminate\\Http\\Request))
#29 /home/lmd3tsijnint/public_html/vendor/laravel/framework/src/Illuminate/Foundation/Http/Middleware/ConvertEmptyStringsToNull.php(31): Illuminate\\Foundation\\Http\\Middleware\\TransformsRequest->handle(Object(Illuminate\\Http\\Request), Object(Closure))
#30 /home/lmd3tsijnint/public_html/vendor/laravel/framework/src/Illuminate/Pipeline/Pipeline.php(167): Illuminate\\Foundation\\Http\\Middleware\\ConvertEmptyStringsToNull->handle(Object(Illuminate\\Http\\Request), Object(Closure))
#31 /home/lmd3tsijnint/public_html/vendor/laravel/framework/src/Illuminate/Foundation/Http/Middleware/TransformsRequest.php(21): Illuminate\\Pipeline\\Pipeline->Illuminate\\Pipeline\\{closure}(Object(Illuminate\\Http\\Request))
#32 /home/lmd3tsijnint/public_html/vendor/laravel/framework/src/Illuminate/Foundation/Http/Middleware/TrimStrings.php(40): Illuminate\\Foundation\\Http\\Middleware\\TransformsRequest->handle(Object(Illuminate\\Http\\Request), Object(Closure))
#33 /home/lmd3tsijnint/public_html/vendor/laravel/framework/src/Illuminate/Pipeline/Pipeline.php(167): Illuminate\\Foundation\\Http\\Middleware\\TrimStrings->handle(Object(Illuminate\\Http\\Request), Object(Closure))
#34 /home/lmd3tsijnint/public_html/vendor/laravel/framework/src/Illuminate/Foundation/Http/Middleware/ValidatePostSize.php(27): Illuminate\\Pipeline\\Pipeline->Illuminate\\Pipeline\\{closure}(Object(Illuminate\\Http\\Request))
#35 /home/lmd3tsijnint/public_html/vendor/laravel/framework/src/Illuminate/Pipeline/Pipeline.php(167): Illuminate\\Foundation\\Http\\Middleware\\ValidatePostSize->handle(Object(Illuminate\\Http\\Request), Object(Closure))
#36 /home/lmd3tsijnint/public_html/vendor/laravel/framework/src/Illuminate/Foundation/Http/Middleware/PreventRequestsDuringMaintenance.php(86): Illuminate\\Pipeline\\Pipeline->Illuminate\\Pipeline\\{closure}(Object(Illuminate\\Http\\Request))
#37 /home/lmd3tsijnint/public_html/vendor/laravel/framework/src/Illuminate/Pipeline/Pipeline.php(167): Illuminate\\Foundation\\Http\\Middleware\\PreventRequestsDuringMaintenance->handle(Object(Illuminate\\Http\\Request), Object(Closure))
#38 /home/lmd3tsijnint/public_html/vendor/fruitcake/laravel-cors/src/HandleCors.php(38): Illuminate\\Pipeline\\Pipeline->Illuminate\\Pipeline\\{closure}(Object(Illuminate\\Http\\Request))
#39 /home/lmd3tsijnint/public_html/vendor/laravel/framework/src/Illuminate/Pipeline/Pipeline.php(167): Fruitcake\\Cors\\HandleCors->handle(Object(Illuminate\\Http\\Request), Object(Closure))
#40 /home/lmd3tsijnint/public_html/vendor/fideloper/proxy/src/TrustProxies.php(57): Illuminate\\Pipeline\\Pipeline->Illuminate\\Pipeline\\{closure}(Object(Illuminate\\Http\\Request))
#41 /home/lmd3tsijnint/public_html/vendor/laravel/framework/src/Illuminate/Pipeline/Pipeline.php(167): Fideloper\\Proxy\\TrustProxies->handle(Object(Illuminate\\Http\\Request), Object(Closure))
#42 /home/lmd3tsijnint/public_html/vendor/laravel/framework/src/Illuminate/Pipeline/Pipeline.php(103): Illuminate\\Pipeline\\Pipeline->Illuminate\\Pipeline\\{closure}(Object(Illuminate\\Http\\Request))
#43 /home/lmd3tsijnint/public_html/vendor/laravel/framework/src/Illuminate/Foundation/Http/Kernel.php(141): Illuminate\\Pipeline\\Pipeline->then(Object(Closure))
#44 /home/lmd3tsijnint/public_html/vendor/laravel/framework/src/Illuminate/Foundation/Http/Kernel.php(110): Illuminate\\Foundation\\Http\\Kernel->sendRequestThroughRouter(Object(Illuminate\\Http\\Request))
#45 /home/lmd3tsijnint/public_html/public/index.php(52): Illuminate\\Foundation\\Http\\Kernel->handle(Object(Illuminate\\Http\\Request))
#46 /home/lmd3tsijnint/public_html/server.php(21): require_once('/home/lmd3tsijn...')
#47 {main}
"} 
[2022-02-11 18:55:41] local.INFO: Notification Response {"multicast_id":2212068319963460228,"success":0,"failure":3,"canonical_ids":0,"results":[{"error":"NotRegistered"},{"error":"NotRegistered"},{"error":"NotRegistered"}]}  
[2022-02-12 03:42:19] local.INFO: Notification Response {"multicast_id":5841829720739187236,"success":0,"failure":3,"canonical_ids":0,"results":[{"error":"NotRegistered"},{"error":"NotRegistered"},{"error":"NotRegistered"}]}  
[2022-02-12 03:43:19] local.INFO: Notification Response {"multicast_id":5384178910206605270,"success":0,"failure":3,"canonical_ids":0,"results":[{"error":"NotRegistered"},{"error":"NotRegistered"},{"error":"NotRegistered"}]}  
[2022-02-12 12:15:29] local.INFO: Notification Response {"multicast_id":1454550778838779161,"success":0,"failure":3,"canonical_ids":0,"results":[{"error":"NotRegistered"},{"error":"NotRegistered"},{"error":"NotRegistered"}]}  
[2022-02-12 12:16:48] local.INFO: Notification Response {"multicast_id":8543857945699467182,"success":0,"failure":3,"canonical_ids":0,"results":[{"error":"NotRegistered"},{"error":"NotRegistered"},{"error":"NotRegistered"}]}  
[2022-02-12 12:39:44] local.INFO: Notification Response {"multicast_id":7401090394783821468,"success":0,"failure":3,"canonical_ids":0,"results":[{"error":"NotRegistered"},{"error":"NotRegistered"},{"error":"NotRegistered"}]}  
[2022-02-12 12:43:30] local.INFO: Notification Response {"multicast_id":2224048037566090323,"success":0,"failure":3,"canonical_ids":0,"results":[{"error":"NotRegistered"},{"error":"NotRegistered"},{"error":"NotRegistered"}]}  
[2022-02-12 19:41:59] local.INFO: Notification Response {"multicast_id":4010404531857746629,"success":0,"failure":3,"canonical_ids":0,"results":[{"error":"NotRegistered"},{"error":"NotRegistered"},{"error":"NotRegistered"}]}  
[2022-02-13 22:42:32] local.INFO: Notification Response {"multicast_id":919934070052114322,"success":0,"failure":3,"canonical_ids":0,"results":[{"error":"NotRegistered"},{"error":"NotRegistered"},{"error":"NotRegistered"}]}  
[2022-02-13 22:43:12] local.INFO: Notification Response {"multicast_id":6971860395586384693,"success":0,"failure":3,"canonical_ids":0,"results":[{"error":"NotRegistered"},{"error":"NotRegistered"},{"error":"NotRegistered"}]}  
[2022-02-13 22:43:44] local.INFO: Notification Response {"multicast_id":7683295489498711523,"success":0,"failure":3,"canonical_ids":0,"results":[{"error":"NotRegistered"},{"error":"NotRegistered"},{"error":"NotRegistered"}]}  
[2022-02-13 22:45:01] local.INFO: Notification Response {"multicast_id":4983925097729288441,"success":0,"failure":3,"canonical_ids":0,"results":[{"error":"NotRegistered"},{"error":"NotRegistered"},{"error":"NotRegistered"}]}  
[2022-02-13 22:47:18] local.INFO: Notification Response {"multicast_id":1004898654022555666,"success":0,"failure":3,"canonical_ids":0,"results":[{"error":"NotRegistered"},{"error":"NotRegistered"},{"error":"NotRegistered"}]}  
[2022-02-13 22:48:34] local.INFO: Notification Response {"multicast_id":4674222723740949533,"success":0,"failure":3,"canonical_ids":0,"results":[{"error":"NotRegistered"},{"error":"NotRegistered"},{"error":"NotRegistered"}]}  
[2022-02-13 22:48:55] local.INFO: Notification Response {"multicast_id":1027275498636182206,"success":0,"failure":3,"canonical_ids":0,"results":[{"error":"NotRegistered"},{"error":"NotRegistered"},{"error":"NotRegistered"}]}  
[2022-02-13 23:01:38] local.INFO: Notification Response {"multicast_id":4885478468147878645,"success":0,"failure":3,"canonical_ids":0,"results":[{"error":"NotRegistered"},{"error":"NotRegistered"},{"error":"NotRegistered"}]}  
[2022-02-14 11:47:08] local.INFO: Notification Response {"multicast_id":1160309091891128562,"success":0,"failure":3,"canonical_ids":0,"results":[{"error":"NotRegistered"},{"error":"NotRegistered"},{"error":"NotRegistered"}]}  
[2022-02-14 13:42:24] local.INFO: Notification Response {"multicast_id":6399926755246608368,"success":0,"failure":3,"canonical_ids":0,"results":[{"error":"NotRegistered"},{"error":"NotRegistered"},{"error":"NotRegistered"}]}  
[2022-02-14 13:42:26] local.INFO: Notification Response {"multicast_id":2430571337071526955,"success":0,"failure":3,"canonical_ids":0,"results":[{"error":"NotRegistered"},{"error":"NotRegistered"},{"error":"NotRegistered"}]}  
[2022-02-14 13:42:27] local.INFO: Notification Response {"multicast_id":209764218533214445,"success":0,"failure":3,"canonical_ids":0,"results":[{"error":"NotRegistered"},{"error":"NotRegistered"},{"error":"NotRegistered"}]}  
[2022-02-14 13:42:29] local.INFO: Notification Response {"multicast_id":3105551779230812924,"success":0,"failure":3,"canonical_ids":0,"results":[{"error":"NotRegistered"},{"error":"NotRegistered"},{"error":"NotRegistered"}]}  
[2022-02-14 13:42:31] local.INFO: Notification Response {"multicast_id":6991264806666309280,"success":0,"failure":3,"canonical_ids":0,"results":[{"error":"NotRegistered"},{"error":"NotRegistered"},{"error":"NotRegistered"}]}  
[2022-02-14 13:42:32] local.INFO: Notification Response {"multicast_id":2518687266941273360,"success":0,"failure":3,"canonical_ids":0,"results":[{"error":"NotRegistered"},{"error":"NotRegistered"},{"error":"NotRegistered"}]}  
[2022-02-14 13:42:33] local.INFO: Notification Response {"multicast_id":6397070881483841467,"success":0,"failure":3,"canonical_ids":0,"results":[{"error":"NotRegistered"},{"error":"NotRegistered"},{"error":"NotRegistered"}]}  
[2022-02-14 13:42:35] local.INFO: Notification Response {"multicast_id":3877255737664980865,"success":0,"failure":3,"canonical_ids":0,"results":[{"error":"NotRegistered"},{"error":"NotRegistered"},{"error":"NotRegistered"}]}  
[2022-02-14 13:42:36] local.INFO: Notification Response {"multicast_id":8609080116271486485,"success":0,"failure":3,"canonical_ids":0,"results":[{"error":"NotRegistered"},{"error":"NotRegistered"},{"error":"NotRegistered"}]}  
[2022-02-17 11:10:43] local.INFO: Notification Response {"multicast_id":3960358578716921338,"success":0,"failure":3,"canonical_ids":0,"results":[{"error":"NotRegistered"},{"error":"NotRegistered"},{"error":"NotRegistered"}]}  
[2022-02-17 11:16:41] local.INFO: Notification Response {"multicast_id":662086912968646870,"success":0,"failure":3,"canonical_ids":0,"results":[{"error":"NotRegistered"},{"error":"NotRegistered"},{"error":"NotRegistered"}]}  
[2022-02-17 11:16:41] local.ERROR: Class 'App\Http\Controllers\Model' not found {"userId":1,"exception":"[object] (Error(code: 0): Class 'App\\Http\\Controllers\\Model' not found at /home/lmd3tsijnint/public_html/app/Http/Controllers/ForexController.php:66)
[stacktrace]
#0 /home/lmd3tsijnint/public_html/vendor/laravel/framework/src/Illuminate/Routing/Controller.php(54): App\\Http\\Controllers\\ForexController->store(Object(Illuminate\\Http\\Request))
#1 /home/lmd3tsijnint/public_html/vendor/laravel/framework/src/Illuminate/Routing/ControllerDispatcher.php(45): Illuminate\\Routing\\Controller->callAction('store', Array)
#2 /home/lmd3tsijnint/public_html/vendor/laravel/framework/src/Illuminate/Routing/Route.php(254): Illuminate\\Routing\\ControllerDispatcher->dispatch(Object(Illuminate\\Routing\\Route), Object(App\\Http\\Controllers\\ForexController), 'store')
#3 /home/lmd3tsijnint/public_html/vendor/laravel/framework/src/Illuminate/Routing/Route.php(197): Illuminate\\Routing\\Route->runController()
#4 /home/lmd3tsijnint/public_html/vendor/laravel/framework/src/Illuminate/Routing/Router.php(695): Illuminate\\Routing\\Route->run()
#5 /home/lmd3tsijnint/public_html/vendor/laravel/framework/src/Illuminate/Pipeline/Pipeline.php(128): Illuminate\\Routing\\Router->Illuminate\\Routing\\{closure}(Object(Illuminate\\Http\\Request))
#6 /home/lmd3tsijnint/public_html/vendor/laravel/framework/src/Illuminate/Routing/Middleware/SubstituteBindings.php(50): Illuminate\\Pipeline\\Pipeline->Illuminate\\Pipeline\\{closure}(Object(Illuminate\\Http\\Request))
#7 /home/lmd3tsijnint/public_html/vendor/laravel/framework/src/Illuminate/Pipeline/Pipeline.php(167): Illuminate\\Routing\\Middleware\\SubstituteBindings->handle(Object(Illuminate\\Http\\Request), Object(Closure))
#8 /home/lmd3tsijnint/public_html/vendor/laravel/framework/src/Illuminate/Auth/Middleware/Authenticate.php(44): Illuminate\\Pipeline\\Pipeline->Illuminate\\Pipeline\\{closure}(Object(Illuminate\\Http\\Request))
#9 /home/lmd3tsijnint/public_html/vendor/laravel/framework/src/Illuminate/Pipeline/Pipeline.php(167): Illuminate\\Auth\\Middleware\\Authenticate->handle(Object(Illuminate\\Http\\Request), Object(Closure), 'admin')
#10 /home/lmd3tsijnint/public_html/vendor/laravel/framework/src/Illuminate/Foundation/Http/Middleware/VerifyCsrfToken.php(78): Illuminate\\Pipeline\\Pipeline->Illuminate\\Pipeline\\{closure}(Object(Illuminate\\Http\\Request))
#11 /home/lmd3tsijnint/public_html/vendor/laravel/framework/src/Illuminate/Pipeline/Pipeline.php(167): Illuminate\\Foundation\\Http\\Middleware\\VerifyCsrfToken->handle(Object(Illuminate\\Http\\Request), Object(Closure))
#12 /home/lmd3tsijnint/public_html/vendor/laravel/framework/src/Illuminate/View/Middleware/ShareErrorsFromSession.php(49): Illuminate\\Pipeline\\Pipeline->Illuminate\\Pipeline\\{closure}(Object(Illuminate\\Http\\Request))
#13 /home/lmd3tsijnint/public_html/vendor/laravel/framework/src/Illuminate/Pipeline/Pipeline.php(167): Illuminate\\View\\Middleware\\ShareErrorsFromSession->handle(Object(Illuminate\\Http\\Request), Object(Closure))
#14 /home/lmd3tsijnint/public_html/vendor/laravel/framework/src/Illuminate/Session/Middleware/StartSession.php(121): Illuminate\\Pipeline\\Pipeline->Illuminate\\Pipeline\\{closure}(Object(Illuminate\\Http\\Request))
#15 /home/lmd3tsijnint/public_html/vendor/laravel/framework/src/Illuminate/Session/Middleware/StartSession.php(64): Illuminate\\Session\\Middleware\\StartSession->handleStatefulRequest(Object(Illuminate\\Http\\Request), Object(Illuminate\\Session\\Store), Object(Closure))
#16 /home/lmd3tsijnint/public_html/vendor/laravel/framework/src/Illuminate/Pipeline/Pipeline.php(167): Illuminate\\Session\\Middleware\\StartSession->handle(Object(Illuminate\\Http\\Request), Object(Closure))
#17 /home/lmd3tsijnint/public_html/vendor/laravel/framework/src/Illuminate/Cookie/Middleware/AddQueuedCookiesToResponse.php(37): Illuminate\\Pipeline\\Pipeline->Illuminate\\Pipeline\\{closure}(Object(Illuminate\\Http\\Request))
#18 /home/lmd3tsijnint/public_html/vendor/laravel/framework/src/Illuminate/Pipeline/Pipeline.php(167): Illuminate\\Cookie\\Middleware\\AddQueuedCookiesToResponse->handle(Object(Illuminate\\Http\\Request), Object(Closure))
#19 /home/lmd3tsijnint/public_html/vendor/laravel/framework/src/Illuminate/Cookie/Middleware/EncryptCookies.php(67): Illuminate\\Pipeline\\Pipeline->Illuminate\\Pipeline\\{closure}(Object(Illuminate\\Http\\Request))
#20 /home/lmd3tsijnint/public_html/vendor/laravel/framework/src/Illuminate/Pipeline/Pipeline.php(167): Illuminate\\Cookie\\Middleware\\EncryptCookies->handle(Object(Illuminate\\Http\\Request), Object(Closure))
#21 /home/lmd3tsijnint/public_html/vendor/laravel/framework/src/Illuminate/Pipeline/Pipeline.php(103): Illuminate\\Pipeline\\Pipeline->Illuminate\\Pipeline\\{closure}(Object(Illuminate\\Http\\Request))
#22 /home/lmd3tsijnint/public_html/vendor/laravel/framework/src/Illuminate/Routing/Router.php(697): Illuminate\\Pipeline\\Pipeline->then(Object(Closure))
#23 /home/lmd3tsijnint/public_html/vendor/laravel/framework/src/Illuminate/Routing/Router.php(672): Illuminate\\Routing\\Router->runRouteWithinStack(Object(Illuminate\\Routing\\Route), Object(Illuminate\\Http\\Request))
#24 /home/lmd3tsijnint/public_html/vendor/laravel/framework/src/Illuminate/Routing/Router.php(636): Illuminate\\Routing\\Router->runRoute(Object(Illuminate\\Http\\Request), Object(Illuminate\\Routing\\Route))
#25 /home/lmd3tsijnint/public_html/vendor/laravel/framework/src/Illuminate/Routing/Router.php(625): Illuminate\\Routing\\Router->dispatchToRoute(Object(Illuminate\\Http\\Request))
#26 /home/lmd3tsijnint/public_html/vendor/laravel/framework/src/Illuminate/Foundation/Http/Kernel.php(166): Illuminate\\Routing\\Router->dispatch(Object(Illuminate\\Http\\Request))
#27 /home/lmd3tsijnint/public_html/vendor/laravel/framework/src/Illuminate/Pipeline/Pipeline.php(128): Illuminate\\Foundation\\Http\\Kernel->Illuminate\\Foundation\\Http\\{closure}(Object(Illuminate\\Http\\Request))
#28 /home/lmd3tsijnint/public_html/vendor/laravel/framework/src/Illuminate/Foundation/Http/Middleware/TransformsRequest.php(21): Illuminate\\Pipeline\\Pipeline->Illuminate\\Pipeline\\{closure}(Object(Illuminate\\Http\\Request))
#29 /home/lmd3tsijnint/public_html/vendor/laravel/framework/src/Illuminate/Foundation/Http/Middleware/ConvertEmptyStringsToNull.php(31): Illuminate\\Foundation\\Http\\Middleware\\TransformsRequest->handle(Object(Illuminate\\Http\\Request), Object(Closure))
#30 /home/lmd3tsijnint/public_html/vendor/laravel/framework/src/Illuminate/Pipeline/Pipeline.php(167): Illuminate\\Foundation\\Http\\Middleware\\ConvertEmptyStringsToNull->handle(Object(Illuminate\\Http\\Request), Object(Closure))
#31 /home/lmd3tsijnint/public_html/vendor/laravel/framework/src/Illuminate/Foundation/Http/Middleware/TransformsRequest.php(21): Illuminate\\Pipeline\\Pipeline->Illuminate\\Pipeline\\{closure}(Object(Illuminate\\Http\\Request))
#32 /home/lmd3tsijnint/public_html/vendor/laravel/framework/src/Illuminate/Foundation/Http/Middleware/TrimStrings.php(40): Illuminate\\Foundation\\Http\\Middleware\\TransformsRequest->handle(Object(Illuminate\\Http\\Request), Object(Closure))
#33 /home/lmd3tsijnint/public_html/vendor/laravel/framework/src/Illuminate/Pipeline/Pipeline.php(167): Illuminate\\Foundation\\Http\\Middleware\\TrimStrings->handle(Object(Illuminate\\Http\\Request), Object(Closure))
#34 /home/lmd3tsijnint/public_html/vendor/laravel/framework/src/Illuminate/Foundation/Http/Middleware/ValidatePostSize.php(27): Illuminate\\Pipeline\\Pipeline->Illuminate\\Pipeline\\{closure}(Object(Illuminate\\Http\\Request))
#35 /home/lmd3tsijnint/public_html/vendor/laravel/framework/src/Illuminate/Pipeline/Pipeline.php(167): Illuminate\\Foundation\\Http\\Middleware\\ValidatePostSize->handle(Object(Illuminate\\Http\\Request), Object(Closure))
#36 /home/lmd3tsijnint/public_html/vendor/laravel/framework/src/Illuminate/Foundation/Http/Middleware/PreventRequestsDuringMaintenance.php(86): Illuminate\\Pipeline\\Pipeline->Illuminate\\Pipeline\\{closure}(Object(Illuminate\\Http\\Request))
#37 /home/lmd3tsijnint/public_html/vendor/laravel/framework/src/Illuminate/Pipeline/Pipeline.php(167): Illuminate\\Foundation\\Http\\Middleware\\PreventRequestsDuringMaintenance->handle(Object(Illuminate\\Http\\Request), Object(Closure))
#38 /home/lmd3tsijnint/public_html/vendor/fruitcake/laravel-cors/src/HandleCors.php(38): Illuminate\\Pipeline\\Pipeline->Illuminate\\Pipeline\\{closure}(Object(Illuminate\\Http\\Request))
#39 /home/lmd3tsijnint/public_html/vendor/laravel/framework/src/Illuminate/Pipeline/Pipeline.php(167): Fruitcake\\Cors\\HandleCors->handle(Object(Illuminate\\Http\\Request), Object(Closure))
#40 /home/lmd3tsijnint/public_html/vendor/fideloper/proxy/src/TrustProxies.php(57): Illuminate\\Pipeline\\Pipeline->Illuminate\\Pipeline\\{closure}(Object(Illuminate\\Http\\Request))
#41 /home/lmd3tsijnint/public_html/vendor/laravel/framework/src/Illuminate/Pipeline/Pipeline.php(167): Fideloper\\Proxy\\TrustProxies->handle(Object(Illuminate\\Http\\Request), Object(Closure))
#42 /home/lmd3tsijnint/public_html/vendor/laravel/framework/src/Illuminate/Pipeline/Pipeline.php(103): Illuminate\\Pipeline\\Pipeline->Illuminate\\Pipeline\\{closure}(Object(Illuminate\\Http\\Request))
#43 /home/lmd3tsijnint/public_html/vendor/laravel/framework/src/Illuminate/Foundation/Http/Kernel.php(141): Illuminate\\Pipeline\\Pipeline->then(Object(Closure))
#44 /home/lmd3tsijnint/public_html/vendor/laravel/framework/src/Illuminate/Foundation/Http/Kernel.php(110): Illuminate\\Foundation\\Http\\Kernel->sendRequestThroughRouter(Object(Illuminate\\Http\\Request))
#45 /home/lmd3tsijnint/public_html/public/index.php(52): Illuminate\\Foundation\\Http\\Kernel->handle(Object(Illuminate\\Http\\Request))
#46 /home/lmd3tsijnint/public_html/server.php(21): require_once('/home/lmd3tsijn...')
#47 {main}
"} 
[2022-02-17 11:17:08] local.INFO: Notification Response {"multicast_id":7760618953719743228,"success":0,"failure":3,"canonical_ids":0,"results":[{"error":"NotRegistered"},{"error":"NotRegistered"},{"error":"NotRegistered"}]}  
[2022-02-17 11:18:08] local.INFO: Notification Response {"multicast_id":6121824717567087701,"success":0,"failure":3,"canonical_ids":0,"results":[{"error":"NotRegistered"},{"error":"NotRegistered"},{"error":"NotRegistered"}]}  
[2022-02-17 11:18:51] local.INFO: Notification Response {"multicast_id":4651261459513592272,"success":0,"failure":3,"canonical_ids":0,"results":[{"error":"NotRegistered"},{"error":"NotRegistered"},{"error":"NotRegistered"}]}  
[2022-02-17 11:27:07] local.INFO: Notification Response {"multicast_id":2544070645520173770,"success":0,"failure":3,"canonical_ids":0,"results":[{"error":"NotRegistered"},{"error":"NotRegistered"},{"error":"NotRegistered"}]}  
[2022-02-17 11:29:55] local.INFO: Notification Response {"multicast_id":5598004519700091639,"success":0,"failure":3,"canonical_ids":0,"results":[{"error":"NotRegistered"},{"error":"NotRegistered"},{"error":"NotRegistered"}]}  
[2022-02-17 11:33:39] local.INFO: Notification Response {"multicast_id":5676277853082919516,"success":0,"failure":3,"canonical_ids":0,"results":[{"error":"NotRegistered"},{"error":"NotRegistered"},{"error":"NotRegistered"}]}  
[2022-02-17 11:35:55] local.INFO: Notification Response {"multicast_id":6686446082613278482,"success":0,"failure":3,"canonical_ids":0,"results":[{"error":"NotRegistered"},{"error":"NotRegistered"},{"error":"NotRegistered"}]}  
[2022-02-17 11:58:06] local.INFO: Notification Response {"multicast_id":4837929056901944642,"success":0,"failure":3,"canonical_ids":0,"results":[{"error":"NotRegistered"},{"error":"NotRegistered"},{"error":"NotRegistered"}]}  
[2022-02-17 11:58:39] local.INFO: Notification Response {"multicast_id":6399236771544409657,"success":0,"failure":3,"canonical_ids":0,"results":[{"error":"NotRegistered"},{"error":"NotRegistered"},{"error":"NotRegistered"}]}  
[2022-02-17 11:58:56] local.INFO: Notification Response {"multicast_id":3877407196981061083,"success":0,"failure":3,"canonical_ids":0,"results":[{"error":"NotRegistered"},{"error":"NotRegistered"},{"error":"NotRegistered"}]}  
[2022-02-17 13:23:51] local.INFO: Notification Response {"multicast_id":2453735311764387127,"success":0,"failure":3,"canonical_ids":0,"results":[{"error":"NotRegistered"},{"error":"NotRegistered"},{"error":"NotRegistered"}]}  
[2022-02-21 01:47:00] local.INFO: Notification Response {"multicast_id":4746115436984115453,"success":0,"failure":3,"canonical_ids":0,"results":[{"error":"NotRegistered"},{"error":"NotRegistered"},{"error":"NotRegistered"}]}  
[2022-02-21 01:52:56] local.INFO: Notification Response {"multicast_id":3854683579726655795,"success":0,"failure":3,"canonical_ids":0,"results":[{"error":"NotRegistered"},{"error":"NotRegistered"},{"error":"NotRegistered"}]}  
[2022-02-26 09:43:00] local.INFO: Notification Response {"multicast_id":8990468433875685169,"success":0,"failure":3,"canonical_ids":0,"results":[{"error":"NotRegistered"},{"error":"NotRegistered"},{"error":"NotRegistered"}]}  
[2022-02-26 10:15:02] local.INFO: Notification Response {"multicast_id":8678287970543635869,"success":0,"failure":3,"canonical_ids":0,"results":[{"error":"NotRegistered"},{"error":"NotRegistered"},{"error":"NotRegistered"}]}  
[2022-02-26 10:18:15] local.INFO: Notification Response {"multicast_id":8499900933205012953,"success":0,"failure":3,"canonical_ids":0,"results":[{"error":"NotRegistered"},{"error":"NotRegistered"},{"error":"NotRegistered"}]}  
[2022-02-26 10:19:03] local.INFO: Notification Response {"multicast_id":3010898134239074369,"success":0,"failure":3,"canonical_ids":0,"results":[{"error":"NotRegistered"},{"error":"NotRegistered"},{"error":"NotRegistered"}]}  
[2022-02-26 10:19:05] local.INFO: Notification Response {"multicast_id":1204335057335425273,"success":0,"failure":3,"canonical_ids":0,"results":[{"error":"NotRegistered"},{"error":"NotRegistered"},{"error":"NotRegistered"}]}  
[2022-02-26 10:19:07] local.INFO: Notification Response {"multicast_id":2742203408650490912,"success":0,"failure":3,"canonical_ids":0,"results":[{"error":"NotRegistered"},{"error":"NotRegistered"},{"error":"NotRegistered"}]}  
[2022-02-26 10:19:27] local.INFO: Notification Response {"multicast_id":5065732869266956733,"success":0,"failure":3,"canonical_ids":0,"results":[{"error":"NotRegistered"},{"error":"NotRegistered"},{"error":"NotRegistered"}]}  
[2022-02-26 10:39:34] local.INFO: Notification Response {"multicast_id":7769162679536873425,"success":0,"failure":3,"canonical_ids":0,"results":[{"error":"NotRegistered"},{"error":"NotRegistered"},{"error":"NotRegistered"}]}  
[2022-02-26 11:23:49] local.INFO: Notification Response {"multicast_id":5143776555466827904,"success":0,"failure":3,"canonical_ids":0,"results":[{"error":"NotRegistered"},{"error":"NotRegistered"},{"error":"NotRegistered"}]}  
[2022-02-26 11:25:09] local.INFO: Notification Response {"multicast_id":6251293040287535010,"success":0,"failure":3,"canonical_ids":0,"results":[{"error":"NotRegistered"},{"error":"NotRegistered"},{"error":"NotRegistered"}]}  
[2022-02-27 23:16:05] local.INFO: Notification Response {"multicast_id":1231587779562876114,"success":0,"failure":3,"canonical_ids":0,"results":[{"error":"NotRegistered"},{"error":"NotRegistered"},{"error":"NotRegistered"}]}  
[2022-02-27 23:16:37] local.INFO: Notification Response {"multicast_id":6417762208800322893,"success":0,"failure":3,"canonical_ids":0,"results":[{"error":"NotRegistered"},{"error":"NotRegistered"},{"error":"NotRegistered"}]}  
